[debug] [2023-10-25T14:24:33.884Z] ----------------------------------------------------------------------
[debug] [2023-10-25T14:24:33.888Z] Command:       C:\Program Files\nodejs\node.exe C:\Users\acer\AppData\Roaming\npm\node_modules\firebase-tools\lib\bin\firebase.js emulators:start --only functions
[debug] [2023-10-25T14:24:33.890Z] CLI Version:   12.7.0
[debug] [2023-10-25T14:24:33.890Z] Platform:      win32
[debug] [2023-10-25T14:24:33.890Z] Node Version:  v16.17.0
[debug] [2023-10-25T14:24:33.892Z] Time:          Wed Oct 25 2023 22:24:33 GMT+0800 (Malaysia Time)
[debug] [2023-10-25T14:24:33.892Z] ----------------------------------------------------------------------
[debug] 
[debug] [2023-10-25T14:24:33.899Z] >>> [apiv2][query] GET https://firebase-public.firebaseio.com/cli.json [none]
[debug] [2023-10-25T14:24:34.048Z] Object "" in "firebase.json" has unknown property: {"additionalProperty":"projects"}
[debug] [2023-10-25T14:24:34.059Z] > command requires scopes: ["email","openid","https://www.googleapis.com/auth/cloudplatformprojects.readonly","https://www.googleapis.com/auth/firebase","https://www.googleapis.com/auth/cloud-platform"]
[debug] [2023-10-25T14:24:34.060Z] > authorizing via signed-in user (jimmyechunwoon@gmail.com)
[info] i  emulators: Starting emulators: functions {"metadata":{"emulator":{"name":"hub"},"message":"Starting emulators: functions"}}
[debug] [2023-10-25T14:24:34.078Z] [logging] Logging Emulator only supports listening on one address (127.0.0.1). Not listening on ::1
[warn] !  ui: Emulator UI unable to start on port 4000, starting on 4003 instead. {"metadata":{"emulator":{"name":"ui"},"message":"Emulator UI unable to start on port 4000, starting on 4003 instead."}}
[debug] [2023-10-25T14:24:34.083Z] assigned listening specs for emulators {"user":{"hub":[{"address":"127.0.0.1","family":"IPv4","port":4400},{"address":"::1","family":"IPv6","port":4400}],"logging":[{"address":"127.0.0.1","family":"IPv4","port":4500}],"ui":[{"address":"127.0.0.1","family":"IPv4","port":4003},{"address":"::1","family":"IPv6","port":4003}]},"metadata":{"message":"assigned listening specs for emulators"}}
[debug] [2023-10-25T14:24:34.104Z] [hub] writing locator at C:\Users\acer\AppData\Local\Temp\hub-colus-website.json
[debug] [2023-10-25T14:24:34.145Z] [functions] Functions Emulator only supports listening on one address (127.0.0.1). Not listening on ::1
[debug] [2023-10-25T14:24:34.145Z] [eventarc] Eventarc Emulator only supports listening on one address (127.0.0.1). Not listening on ::1
[debug] [2023-10-25T14:24:34.145Z] late-assigned ports for functions and eventarc emulators {"user":{"hub":[{"address":"127.0.0.1","family":"IPv4","port":4400},{"address":"::1","family":"IPv6","port":4400}],"logging":[{"address":"127.0.0.1","family":"IPv4","port":4500}],"ui":[{"address":"127.0.0.1","family":"IPv4","port":4003},{"address":"::1","family":"IPv6","port":4003}],"functions":[{"address":"127.0.0.1","family":"IPv4","port":5001}],"eventarc":[{"address":"127.0.0.1","family":"IPv4","port":9299}]},"metadata":{"message":"late-assigned ports for functions and eventarc emulators"}}
[warn] !  functions: The following emulators are not running, calls to these services from the Functions emulator will affect production: auth, firestore, database, hosting, pubsub, storage {"metadata":{"emulator":{"name":"functions"},"message":"The following emulators are not running, calls to these services from the Functions emulator will affect production: \u001b[1mauth, firestore, database, hosting, pubsub, storage\u001b[22m"}}
[debug] [2023-10-25T14:24:34.152Z] defaultcredentials: writing to file C:\Users\acer\AppData\Roaming\firebase\jimmyechunwoon_gmail_com_application_default_credentials.json
[debug] [2023-10-25T14:24:34.166Z] Setting GAC to C:\Users\acer\AppData\Roaming\firebase\jimmyechunwoon_gmail_com_application_default_credentials.json {"metadata":{"emulator":{"name":"functions"},"message":"Setting GAC to C:\\Users\\acer\\AppData\\Roaming\\firebase\\jimmyechunwoon_gmail_com_application_default_credentials.json"}}
[debug] [2023-10-25T14:24:34.168Z] > refreshing access token with scopes: []
[debug] [2023-10-25T14:24:34.170Z] >>> [apiv2][query] POST https://www.googleapis.com/oauth2/v3/token [none]
[debug] [2023-10-25T14:24:34.170Z] >>> [apiv2][body] POST https://www.googleapis.com/oauth2/v3/token [omitted]
[debug] [2023-10-25T14:24:34.280Z] <<< [apiv2][status] POST https://www.googleapis.com/oauth2/v3/token 200
[debug] [2023-10-25T14:24:34.280Z] <<< [apiv2][body] POST https://www.googleapis.com/oauth2/v3/token [omitted]
[debug] [2023-10-25T14:24:34.301Z] >>> [apiv2][query] GET https://firebase.googleapis.com/v1beta1/projects/colus-website/adminSdkConfig [none]
[debug] [2023-10-25T14:24:34.660Z] <<< [apiv2][status] GET https://firebase-public.firebaseio.com/cli.json 200
[debug] [2023-10-25T14:24:34.661Z] <<< [apiv2][body] GET https://firebase-public.firebaseio.com/cli.json {"cloudBuildErrorAfter":1594252800000,"cloudBuildWarnAfter":1590019200000,"defaultNode10After":1594252800000,"minVersion":"3.0.5","node8DeploysDisabledAfter":1613390400000,"node8RuntimeDisabledAfter":1615809600000,"node8WarnAfter":1600128000000}
[debug] [2023-10-25T14:24:34.679Z] <<< [apiv2][status] GET https://firebase.googleapis.com/v1beta1/projects/colus-website/adminSdkConfig 200
[debug] [2023-10-25T14:24:34.680Z] <<< [apiv2][body] GET https://firebase.googleapis.com/v1beta1/projects/colus-website/adminSdkConfig {"projectId":"colus-website","storageBucket":"colus-website.appspot.com","locationId":"us-central"}
[debug] [2023-10-25T14:24:34.715Z] Ignoring unsupported arg: auto_download {"metadata":{"emulator":{"name":"ui"},"message":"Ignoring unsupported arg: auto_download"}}
[debug] [2023-10-25T14:24:34.716Z] Ignoring unsupported arg: port {"metadata":{"emulator":{"name":"ui"},"message":"Ignoring unsupported arg: port"}}
[debug] [2023-10-25T14:24:34.716Z] Starting Emulator UI with command {"binary":"node","args":["C:\\Users\\acer\\.cache\\firebase\\emulators\\ui-v1.11.7\\server\\server.js"],"optionalArgs":[],"joinArgs":false} {"metadata":{"emulator":{"name":"ui"},"message":"Starting Emulator UI with command {\"binary\":\"node\",\"args\":[\"C:\\\\Users\\\\acer\\\\.cache\\\\firebase\\\\emulators\\\\ui-v1.11.7\\\\server\\\\server.js\"],\"optionalArgs\":[],\"joinArgs\":false}"}}
[info] i  ui: Emulator UI logging to ui-debug.log {"metadata":{"emulator":{"name":"ui"},"message":"Emulator UI logging to \u001b[1mui-debug.log\u001b[22m"}}
[debug] [2023-10-25T14:24:34.957Z] Web / API server started at 127.0.0.1:4003
 {"metadata":{"emulator":{"name":"ui"},"message":"Web / API server started at 127.0.0.1:4003\n"}}
[debug] [2023-10-25T14:24:34.958Z] Web / API server started at ::1:4003
 {"metadata":{"emulator":{"name":"ui"},"message":"Web / API server started at ::1:4003\n"}}
[info] i  functions: Watching "C:\Users\acer\Desktop\Angular\spade2\colus_spade\functions" for Cloud Functions... {"metadata":{"emulator":{"name":"functions"},"message":"Watching \"C:\\Users\\acer\\Desktop\\Angular\\spade2\\colus_spade\\functions\" for Cloud Functions..."}}
[debug] [2023-10-25T14:24:35.007Z] Validating nodejs source
[warn] !  functions: package.json indicates an outdated version of firebase-functions. Please upgrade using npm install --save firebase-functions@latest in your functions directory. 
[warn] !  functions: Please note that there will be breaking changes when you upgrade. 
[debug] [2023-10-25T14:24:37.025Z] > [functions] package.json contents: {
  "name": "functions",
  "description": "Cloud Functions for Firebase",
  "scripts": {
    "serve": "firebase emulators:start --only functions",
    "shell": "firebase functions:shell",
    "start": "npm run shell",
    "deploy": "firebase deploy --only functions",
    "logs": "firebase functions:log"
  },
  "engines": {
    "node": "16"
  },
  "main": "index.js",
  "dependencies": {
    "firebase-admin": "^10.0.2",
    "firebase-functions": "^3.18.0"
  },
  "devDependencies": {
    "@types/nodemailer": "^6.4.13",
    "firebase-functions-test": "^0.2.0"
  },
  "private": true
}
[debug] [2023-10-25T14:24:37.025Z] Building nodejs source
[debug] [2023-10-25T14:24:37.026Z] Failed to find version of module node: reached end of search path C:\Users\acer\Desktop\Angular\spade2\colus_spade\functions\node_modules
[info] +  functions: Using node@16 from host. 
[debug] [2023-10-25T14:24:37.030Z] Could not find functions.yaml. Must use http discovery
[debug] [2023-10-25T14:24:37.050Z] Found firebase-functions binary at 'C:\Users\acer\Desktop\Angular\spade2\colus_spade\functions\node_modules\.bin\firebase-functions'
[info] Serving at port 8642

[debug] [2023-10-25T14:24:37.575Z] Got response from /__/functions.yaml {"endpoints":{},"specVersion":"v1alpha1","requiredAPIs":[]}
[info] shutdown requested via /__/quitquitquit

[info] +  functions: Loaded functions definitions from source: . {"metadata":{"emulator":{"name":"functions"},"message":"Loaded functions definitions from source: ."}}
[info] 
┌─────────────────────────────────────────────────────────────┐
│ ✔  All emulators ready! It is now safe to connect your app. │
│ i  View Emulator UI at http://127.0.0.1:4003/               │
└─────────────────────────────────────────────────────────────┘

┌───────────┬────────────────┬─────────────────────────────────┐
│ Emulator  │ Host:Port      │ View in Emulator UI             │
├───────────┼────────────────┼─────────────────────────────────┤
│ Functions │ 127.0.0.1:5001 │ http://127.0.0.1:4003/functions │
└───────────┴────────────────┴─────────────────────────────────┘
  Emulator Hub running at 127.0.0.1:4400
  Other reserved ports: 4500

Issues? Report them at https://github.com/firebase/firebase-tools/issues and attach the *-debug.log files.
 
[debug] [2023-10-25T14:24:45.607Z] Functions emulator received unknown request at path /spade-3cac3/us-central1/mailer
[debug] [2023-10-25T14:34:43.359Z] ----------------------------------------------------------------------
[debug] [2023-10-25T14:34:43.363Z] Command:       C:\Program Files\nodejs\node.exe C:\Users\acer\AppData\Roaming\npm\node_modules\firebase-tools\lib\bin\firebase.js emulators:start --only functions
[debug] [2023-10-25T14:34:43.364Z] CLI Version:   12.7.0
[debug] [2023-10-25T14:34:43.365Z] Platform:      win32
[debug] [2023-10-25T14:34:43.365Z] Node Version:  v16.17.0
[debug] [2023-10-25T14:34:43.366Z] Time:          Wed Oct 25 2023 22:34:43 GMT+0800 (Malaysia Time)
[debug] [2023-10-25T14:34:43.367Z] ----------------------------------------------------------------------
[debug] 
[debug] [2023-10-25T14:34:43.514Z] Object "" in "firebase.json" has unknown property: {"additionalProperty":"projects"}
[debug] [2023-10-25T14:34:43.524Z] > command requires scopes: ["email","openid","https://www.googleapis.com/auth/cloudplatformprojects.readonly","https://www.googleapis.com/auth/firebase","https://www.googleapis.com/auth/cloud-platform"]
[debug] [2023-10-25T14:34:43.525Z] > authorizing via signed-in user (jimmyechunwoon@gmail.com)
[info] i  emulators: Starting emulators: functions {"metadata":{"emulator":{"name":"hub"},"message":"Starting emulators: functions"}}
[debug] [2023-10-25T14:34:43.542Z] [logging] Logging Emulator only supports listening on one address (127.0.0.1). Not listening on ::1
[warn] !  ui: Emulator UI unable to start on port 4000, starting on 4004 instead. {"metadata":{"emulator":{"name":"ui"},"message":"Emulator UI unable to start on port 4000, starting on 4004 instead."}}
[debug] [2023-10-25T14:34:43.547Z] assigned listening specs for emulators {"user":{"hub":[{"address":"127.0.0.1","family":"IPv4","port":4400},{"address":"::1","family":"IPv6","port":4400}],"logging":[{"address":"127.0.0.1","family":"IPv4","port":4500}],"ui":[{"address":"127.0.0.1","family":"IPv4","port":4004},{"address":"::1","family":"IPv6","port":4004}]},"metadata":{"message":"assigned listening specs for emulators"}}
[warn] !  emulators: It seems that you are running multiple instances of the emulator suite for project colus-website. This may result in unexpected behavior. 
[debug] [2023-10-25T14:34:43.568Z] [hub] writing locator at C:\Users\acer\AppData\Local\Temp\hub-colus-website.json
[debug] [2023-10-25T14:34:43.612Z] [functions] Functions Emulator only supports listening on one address (127.0.0.1). Not listening on ::1
[debug] [2023-10-25T14:34:43.613Z] [eventarc] Eventarc Emulator only supports listening on one address (127.0.0.1). Not listening on ::1
[debug] [2023-10-25T14:34:43.613Z] late-assigned ports for functions and eventarc emulators {"user":{"hub":[{"address":"127.0.0.1","family":"IPv4","port":4400},{"address":"::1","family":"IPv6","port":4400}],"logging":[{"address":"127.0.0.1","family":"IPv4","port":4500}],"ui":[{"address":"127.0.0.1","family":"IPv4","port":4004},{"address":"::1","family":"IPv6","port":4004}],"functions":[{"address":"127.0.0.1","family":"IPv4","port":5001}],"eventarc":[{"address":"127.0.0.1","family":"IPv4","port":9299}]},"metadata":{"message":"late-assigned ports for functions and eventarc emulators"}}
[warn] !  functions: The following emulators are not running, calls to these services from the Functions emulator will affect production: auth, firestore, database, hosting, pubsub, storage {"metadata":{"emulator":{"name":"functions"},"message":"The following emulators are not running, calls to these services from the Functions emulator will affect production: \u001b[1mauth, firestore, database, hosting, pubsub, storage\u001b[22m"}}
[debug] [2023-10-25T14:34:43.620Z] defaultcredentials: writing to file C:\Users\acer\AppData\Roaming\firebase\jimmyechunwoon_gmail_com_application_default_credentials.json
[debug] [2023-10-25T14:34:43.634Z] Setting GAC to C:\Users\acer\AppData\Roaming\firebase\jimmyechunwoon_gmail_com_application_default_credentials.json {"metadata":{"emulator":{"name":"functions"},"message":"Setting GAC to C:\\Users\\acer\\AppData\\Roaming\\firebase\\jimmyechunwoon_gmail_com_application_default_credentials.json"}}
[debug] [2023-10-25T14:34:43.637Z] >>> [apiv2][query] GET https://firebase.googleapis.com/v1beta1/projects/colus-website/adminSdkConfig [none]
[debug] [2023-10-25T14:34:44.045Z] <<< [apiv2][status] GET https://firebase.googleapis.com/v1beta1/projects/colus-website/adminSdkConfig 200
[debug] [2023-10-25T14:34:44.045Z] <<< [apiv2][body] GET https://firebase.googleapis.com/v1beta1/projects/colus-website/adminSdkConfig {"projectId":"colus-website","storageBucket":"colus-website.appspot.com","locationId":"us-central"}
[debug] [2023-10-25T14:34:44.073Z] Ignoring unsupported arg: auto_download {"metadata":{"emulator":{"name":"ui"},"message":"Ignoring unsupported arg: auto_download"}}
[debug] [2023-10-25T14:34:44.073Z] Ignoring unsupported arg: port {"metadata":{"emulator":{"name":"ui"},"message":"Ignoring unsupported arg: port"}}
[debug] [2023-10-25T14:34:44.073Z] Starting Emulator UI with command {"binary":"node","args":["C:\\Users\\acer\\.cache\\firebase\\emulators\\ui-v1.11.7\\server\\server.js"],"optionalArgs":[],"joinArgs":false} {"metadata":{"emulator":{"name":"ui"},"message":"Starting Emulator UI with command {\"binary\":\"node\",\"args\":[\"C:\\\\Users\\\\acer\\\\.cache\\\\firebase\\\\emulators\\\\ui-v1.11.7\\\\server\\\\server.js\"],\"optionalArgs\":[],\"joinArgs\":false}"}}
[info] i  ui: Emulator UI logging to ui-debug.log {"metadata":{"emulator":{"name":"ui"},"message":"Emulator UI logging to \u001b[1mui-debug.log\u001b[22m"}}
[debug] [2023-10-25T14:34:44.325Z] Web / API server started at 127.0.0.1:4004
 {"metadata":{"emulator":{"name":"ui"},"message":"Web / API server started at 127.0.0.1:4004\n"}}
[debug] [2023-10-25T14:34:44.325Z] Web / API server started at ::1:4004
 {"metadata":{"emulator":{"name":"ui"},"message":"Web / API server started at ::1:4004\n"}}
[info] i  functions: Watching "C:\Users\acer\Desktop\Angular\spade2\colus_spade\functions" for Cloud Functions... {"metadata":{"emulator":{"name":"functions"},"message":"Watching \"C:\\Users\\acer\\Desktop\\Angular\\spade2\\colus_spade\\functions\" for Cloud Functions..."}}
[debug] [2023-10-25T14:34:44.355Z] Validating nodejs source
[warn] !  functions: package.json indicates an outdated version of firebase-functions. Please upgrade using npm install --save firebase-functions@latest in your functions directory. 
[warn] !  functions: Please note that there will be breaking changes when you upgrade. 
[debug] [2023-10-25T14:34:46.305Z] > [functions] package.json contents: {
  "name": "functions",
  "description": "Cloud Functions for Firebase",
  "scripts": {
    "serve": "firebase emulators:start --only functions",
    "shell": "firebase functions:shell",
    "start": "npm run shell",
    "deploy": "firebase deploy --only functions",
    "logs": "firebase functions:log"
  },
  "engines": {
    "node": "16"
  },
  "main": "index.js",
  "dependencies": {
    "firebase-admin": "^10.0.2",
    "firebase-functions": "^3.18.0"
  },
  "devDependencies": {
    "@types/nodemailer": "^6.4.13",
    "firebase-functions-test": "^0.2.0"
  },
  "private": true
}
[debug] [2023-10-25T14:34:46.305Z] Building nodejs source
[debug] [2023-10-25T14:34:46.306Z] Failed to find version of module node: reached end of search path C:\Users\acer\Desktop\Angular\spade2\colus_spade\functions\node_modules
[info] +  functions: Using node@16 from host. 
[debug] [2023-10-25T14:34:46.309Z] Could not find functions.yaml. Must use http discovery
[debug] [2023-10-25T14:34:46.322Z] Found firebase-functions binary at 'C:\Users\acer\Desktop\Angular\spade2\colus_spade\functions\node_modules\.bin\firebase-functions'
[info] Serving at port 8775

[debug] [2023-10-25T14:34:46.821Z] Got response from /__/functions.yaml {"endpoints":{},"specVersion":"v1alpha1","requiredAPIs":[]}
[info] shutdown requested via /__/quitquitquit

[info] +  functions: Loaded functions definitions from source: . {"metadata":{"emulator":{"name":"functions"},"message":"Loaded functions definitions from source: ."}}
[info] 
┌─────────────────────────────────────────────────────────────┐
│ ✔  All emulators ready! It is now safe to connect your app. │
│ i  View Emulator UI at http://127.0.0.1:4004/               │
└─────────────────────────────────────────────────────────────┘

┌───────────┬────────────────┬─────────────────────────────────┐
│ Emulator  │ Host:Port      │ View in Emulator UI             │
├───────────┼────────────────┼─────────────────────────────────┤
│ Functions │ 127.0.0.1:5001 │ http://127.0.0.1:4004/functions │
└───────────┴────────────────┴─────────────────────────────────┘
  Emulator Hub running at 127.0.0.1:4400
  Other reserved ports: 4500

Issues? Report them at https://github.com/firebase/firebase-tools/issues and attach the *-debug.log files.
 
[debug] [2023-10-25T14:37:53.036Z] Functions emulator received unknown request at path /spade-3cac3/us-central1/mailer
[debug] [2023-10-25T14:52:48.684Z] Received signal SIGHUP 1
